<?xml version="1.0" encoding="UTF-8"?>
<!-- Generated by org.testng.reporters.JUnitReportReporter -->
<testsuite hostname="AG300617-9" name="Project.Jenkins.AppTest" tests="1" failures="0" timestamp="31 Aug 2017 06:41:14 GMT" time="0.016" errors="0">
  <testcase name="testApp" time="0.016" classname="Project.Jenkins.AppTest"/>
</testsuite> <!-- Project.Jenkins.AppTest -->
